2024.01.05 17:06:22 INFO  Started: Metals version 1.2.0 in folders 'D:\code\learn-machine learning\Flappy Bird' for client Visual Studio Code 1.85.1.
2024.01.05 17:06:24 WARN  Build server is not auto-connectable.
2024.01.05 17:06:24 WARN  no build tool detected in workspace 'D:\code\learn-machine learning\Flappy Bird'. The most common cause for this problem is that the editor was opened in the wrong working directory, for example if you use sbt then the workspace directory should contain build.sbt. 
2024.01.05 17:06:33 INFO  Running List(C:\Users\Roekp\AppData\Local\Coursier\data\bin\scala-cli.BAT, bsp, D:\code\learn-machine learning\Flappy Bird\learn-spark\scala)
2024.01.05 17:06:33 INFO  tracing is disabled for protocol BSP, to enable tracing of incoming and outgoing JSON messages create an empty file at D:\code\learn-machine learning\Flappy Bird\learn-spark\scala\.metals\bsp.trace.json or C:\Users\Roekp\AppData\Local\scalameta\metals\cache\bsp.trace.json
2024.01.05 17:06:33 INFO  Scala CLI: Downloading https://github.com/coursier/jvm-index/raw/master/index.json
2024.01.05 17:06:37 INFO  Scala CLI: Downloaded https://github.com/coursier/jvm-index/raw/master/index.json
2024.01.05 17:06:37 INFO  Scala CLI: Downloading https://github.com/adoptium/temurin17-binaries/releases/download/jdk-17%2B35/OpenJDK17-jdk_x64_windows_hotspot_17_35.zip
2024.01.05 17:06:42 INFO  Scala CLI: Still downloading:
2024.01.05 17:06:42 INFO  Scala CLI: https://github.com/adoptium/temurin17-binaries/releases/download/jdk-17%2B35/OpenJDK17-jdk_x64_windows_hotspot_17_35.zip (0.43 %, 817475 / 188690370)
2024.01.05 17:06:42 INFO  Scala CLI: 
2024.01.05 17:06:48 INFO  Scala CLI: Still downloading:
2024.01.05 17:06:48 INFO  Scala CLI: https://github.com/adoptium/temurin17-binaries/releases/download/jdk-17%2B35/OpenJDK17-jdk_x64_windows_hotspot_17_35.zip (6.57 %, 12400963 / 188690370)
2024.01.05 17:06:48 INFO  Scala CLI: 
2024.01.05 17:06:50 INFO  no build target found for D:\code\learn-machine learning\Flappy Bird\learn-spark\scala\test.sc. Using presentation compiler with project's scala-library version: 3.3.1
Jan 05, 2024 5:06:51 PM org.eclipse.lsp4j.jsonrpc.RemoteEndpoint handleCancellation
WARNING: Unmatched cancel notification for request id 9
Jan 05, 2024 5:06:51 PM org.eclipse.lsp4j.jsonrpc.RemoteEndpoint handleCancellation
WARNING: Unmatched cancel notification for request id 12
Jan 05, 2024 5:06:51 PM org.eclipse.lsp4j.jsonrpc.RemoteEndpoint handleCancellation
WARNING: Unmatched cancel notification for request id 19
Jan 05, 2024 5:06:51 PM org.eclipse.lsp4j.jsonrpc.RemoteEndpoint handleCancellation
WARNING: Unmatched cancel notification for request id 20
Jan 05, 2024 5:06:51 PM org.eclipse.lsp4j.jsonrpc.RemoteEndpoint handleCancellation
WARNING: Unmatched cancel notification for request id 14
2024.01.05 17:06:52 INFO  time: code lens generation in 28s
2024.01.05 17:06:52 INFO  time: code lens generation in 1.14s
2024.01.05 17:06:52 INFO  time: code lens generation in 1.11s
2024.01.05 17:06:52 INFO  time: code lens generation in 1.15s
2024.01.05 17:06:53 INFO  Scala CLI: Still downloading:
2024.01.05 17:06:53 INFO  Scala CLI: https://github.com/adoptium/temurin17-binaries/releases/download/jdk-17%2B35/OpenJDK17-jdk_x64_windows_hotspot_17_35.zip (7.24 %, 13662531 / 188690370)
2024.01.05 17:06:53 INFO  Scala CLI: 
2024.01.05 17:06:59 INFO  Scala CLI: Still downloading:
2024.01.05 17:06:59 INFO  Scala CLI: https://github.com/adoptium/temurin17-binaries/releases/download/jdk-17%2B35/OpenJDK17-jdk_x64_windows_hotspot_17_35.zip (9.78 %, 18463043 / 188690370)
2024.01.05 17:06:59 INFO  Scala CLI: 
2024.01.05 17:07:05 INFO  Scala CLI: Still downloading:
2024.01.05 17:07:05 INFO  Scala CLI: https://github.com/adoptium/temurin17-binaries/releases/download/jdk-17%2B35/OpenJDK17-jdk_x64_windows_hotspot_17_35.zip (11.54 %, 21772611 / 188690370)
2024.01.05 17:07:05 INFO  Scala CLI: 
2024.01.05 17:07:11 INFO  Scala CLI: Still downloading:
2024.01.05 17:07:11 INFO  Scala CLI: https://github.com/adoptium/temurin17-binaries/releases/download/jdk-17%2B35/OpenJDK17-jdk_x64_windows_hotspot_17_35.zip (14.33 %, 27048259 / 188690370)
2024.01.05 17:07:11 INFO  Scala CLI: 
2024.01.05 17:07:17 INFO  Scala CLI: Still downloading:
2024.01.05 17:07:17 INFO  Scala CLI: https://github.com/adoptium/temurin17-binaries/releases/download/jdk-17%2B35/OpenJDK17-jdk_x64_windows_hotspot_17_35.zip (15.75 %, 29710659 / 188690370)
2024.01.05 17:07:17 INFO  Scala CLI: 
2024.01.05 17:07:23 INFO  Scala CLI: Still downloading:
2024.01.05 17:07:23 INFO  Scala CLI: https://github.com/adoptium/temurin17-binaries/releases/download/jdk-17%2B35/OpenJDK17-jdk_x64_windows_hotspot_17_35.zip (18.79 %, 35453251 / 188690370)
2024.01.05 17:07:23 INFO  Scala CLI: 
2024.01.05 17:07:28 INFO  Scala CLI: Still downloading:
2024.01.05 17:07:28 INFO  Scala CLI: https://github.com/adoptium/temurin17-binaries/releases/download/jdk-17%2B35/OpenJDK17-jdk_x64_windows_hotspot_17_35.zip (20.10 %, 37927235 / 188690370)
2024.01.05 17:07:28 INFO  Scala CLI: 
2024.01.05 17:07:33 INFO  Scala CLI: Still downloading:
2024.01.05 17:07:33 INFO  Scala CLI: https://github.com/adoptium/temurin17-binaries/releases/download/jdk-17%2B35/OpenJDK17-jdk_x64_windows_hotspot_17_35.zip (22.44 %, 42350915 / 188690370)
2024.01.05 17:07:33 INFO  Scala CLI: 
2024.01.05 17:07:33 ERROR Timeout waiting for 'build/initialize' response
2024.01.05 17:07:33 WARN  Retrying connection to the build server Scala CLI
2024.01.05 17:07:33 INFO  Running List(C:\Users\Roekp\AppData\Local\Coursier\data\bin\scala-cli.BAT, bsp, D:\code\learn-machine learning\Flappy Bird\learn-spark\scala)
2024.01.05 17:07:33 INFO  tracing is disabled for protocol BSP, to enable tracing of incoming and outgoing JSON messages create an empty file at D:\code\learn-machine learning\Flappy Bird\learn-spark\scala\.metals\bsp.trace.json or C:\Users\Roekp\AppData\Local\scalameta\metals\cache\bsp.trace.json
2024.01.05 17:07:33 INFO  Scala CLI: Downloading https://github.com/adoptium/temurin17-binaries/releases/download/jdk-17%2B35/OpenJDK17-jdk_x64_windows_hotspot_17_35.zip
2024.01.05 17:07:38 INFO  Scala CLI: Still downloading:
2024.01.05 17:07:38 INFO  Scala CLI: https://github.com/adoptium/temurin17-binaries/releases/download/jdk-17%2B35/OpenJDK17-jdk_x64_windows_hotspot_17_35.zip (0.00 %, 0 / 188690370)
2024.01.05 17:07:38 INFO  Scala CLI: 
2024.01.05 17:07:39 INFO  Scala CLI: Still downloading:
2024.01.05 17:07:44 INFO  Scala CLI: Still downloading:
2024.01.05 17:07:44 INFO  Scala CLI: https://github.com/adoptium/temurin17-binaries/releases/download/jdk-17%2B35/OpenJDK17-jdk_x64_windows_hotspot_17_35.zip (0.00 %, 0 / 188690370)
2024.01.05 17:07:44 INFO  Scala CLI: 
2024.01.05 17:07:50 INFO  Scala CLI: Still downloading:
2024.01.05 17:07:50 INFO  Scala CLI: https://github.com/adoptium/temurin17-binaries/releases/download/jdk-17%2B35/OpenJDK17-jdk_x64_windows_hotspot_17_35.zip (0.00 %, 0 / 188690370)
2024.01.05 17:07:50 INFO  Scala CLI: 
2024.01.05 17:07:56 INFO  Scala CLI: Still downloading:
2024.01.05 17:07:56 INFO  Scala CLI: https://github.com/adoptium/temurin17-binaries/releases/download/jdk-17%2B35/OpenJDK17-jdk_x64_windows_hotspot_17_35.zip (0.00 %, 0 / 188690370)
2024.01.05 17:07:56 INFO  Scala CLI: 
2024.01.05 17:08:01 INFO  Scala CLI: Still downloading:
2024.01.05 17:08:01 INFO  Scala CLI: https://github.com/adoptium/temurin17-binaries/releases/download/jdk-17%2B35/OpenJDK17-jdk_x64_windows_hotspot_17_35.zip (0.00 %, 0 / 188690370)
2024.01.05 17:08:01 INFO  Scala CLI: 
2024.01.05 17:08:08 INFO  Scala CLI: Still downloading:
2024.01.05 17:08:08 INFO  Scala CLI: https://github.com/adoptium/temurin17-binaries/releases/download/jdk-17%2B35/OpenJDK17-jdk_x64_windows_hotspot_17_35.zip (0.00 %, 0 / 188690370)
2024.01.05 17:08:08 INFO  Scala CLI: 
2024.01.05 17:08:15 INFO  Scala CLI: Still downloading:
2024.01.05 17:08:15 INFO  Scala CLI: https://github.com/adoptium/temurin17-binaries/releases/download/jdk-17%2B35/OpenJDK17-jdk_x64_windows_hotspot_17_35.zip (0.00 %, 0 / 188690370)
2024.01.05 17:08:15 INFO  Scala CLI: 
2024.01.05 17:08:21 INFO  Scala CLI: Still downloading:
2024.01.05 17:08:21 INFO  Scala CLI: https://github.com/adoptium/temurin17-binaries/releases/download/jdk-17%2B35/OpenJDK17-jdk_x64_windows_hotspot_17_35.zip (0.00 %, 0 / 188690370)
2024.01.05 17:08:21 INFO  Scala CLI: 
2024.01.05 17:08:28 INFO  Scala CLI: Still downloading:
2024.01.05 17:08:28 INFO  Scala CLI: https://github.com/adoptium/temurin17-binaries/releases/download/jdk-17%2B35/OpenJDK17-jdk_x64_windows_hotspot_17_35.zip (0.00 %, 0 / 188690370)
2024.01.05 17:08:28 INFO  Scala CLI: 
2024.01.05 17:08:33 ERROR Timeout waiting for 'build/initialize' response
2024.01.05 17:08:33 WARN  Retrying connection to the build server Scala CLI
2024.01.05 17:08:33 INFO  Running List(C:\Users\Roekp\AppData\Local\Coursier\data\bin\scala-cli.BAT, bsp, D:\code\learn-machine learning\Flappy Bird\learn-spark\scala)
2024.01.05 17:08:33 INFO  tracing is disabled for protocol BSP, to enable tracing of incoming and outgoing JSON messages create an empty file at D:\code\learn-machine learning\Flappy Bird\learn-spark\scala\.metals\bsp.trace.json or C:\Users\Roekp\AppData\Local\scalameta\metals\cache\bsp.trace.json
2024.01.05 17:08:33 INFO  Scala CLI: Downloading https://github.com/adoptium/temurin17-binaries/releases/download/jdk-17%2B35/OpenJDK17-jdk_x64_windows_hotspot_17_35.zip
2024.01.05 17:08:34 INFO  Scala CLI: Still downloading:
2024.01.05 17:08:39 INFO  Scala CLI: Still downloading:
2024.01.05 17:08:39 INFO  Scala CLI: https://github.com/adoptium/temurin17-binaries/releases/download/jdk-17%2B35/OpenJDK17-jdk_x64_windows_hotspot_17_35.zip (0.00 %, 0 / 188690370)
2024.01.05 17:08:39 INFO  Scala CLI: 
2024.01.05 17:08:45 INFO  Scala CLI: Still downloading:
2024.01.05 17:08:45 INFO  Scala CLI: https://github.com/adoptium/temurin17-binaries/releases/download/jdk-17%2B35/OpenJDK17-jdk_x64_windows_hotspot_17_35.zip (0.00 %, 0 / 188690370)
2024.01.05 17:08:45 INFO  Scala CLI: 
2024.01.05 17:08:51 INFO  Scala CLI: Still downloading:
2024.01.05 17:08:51 INFO  Scala CLI: https://github.com/adoptium/temurin17-binaries/releases/download/jdk-17%2B35/OpenJDK17-jdk_x64_windows_hotspot_17_35.zip (0.00 %, 0 / 188690370)
2024.01.05 17:08:51 INFO  Scala CLI: 
2024.01.05 17:09:00 INFO  Scala CLI: Still downloading:
2024.01.05 17:09:00 INFO  Scala CLI: https://github.com/adoptium/temurin17-binaries/releases/download/jdk-17%2B35/OpenJDK17-jdk_x64_windows_hotspot_17_35.zip (0.00 %, 0 / 188690370)
2024.01.05 17:09:00 INFO  Scala CLI: 
2024.01.05 17:09:06 INFO  Scala CLI: Still downloading:
2024.01.05 17:09:06 INFO  Scala CLI: https://github.com/adoptium/temurin17-binaries/releases/download/jdk-17%2B35/OpenJDK17-jdk_x64_windows_hotspot_17_35.zip (0.00 %, 0 / 188690370)
2024.01.05 17:09:06 INFO  Scala CLI: 
2024.01.05 17:09:12 INFO  Scala CLI: Still downloading:
2024.01.05 17:09:12 INFO  Scala CLI: https://github.com/adoptium/temurin17-binaries/releases/download/jdk-17%2B35/OpenJDK17-jdk_x64_windows_hotspot_17_35.zip (0.00 %, 0 / 188690370)
2024.01.05 17:09:12 INFO  Scala CLI: 
2024.01.05 17:09:18 INFO  Scala CLI: Still downloading:
2024.01.05 17:09:18 INFO  Scala CLI: https://github.com/adoptium/temurin17-binaries/releases/download/jdk-17%2B35/OpenJDK17-jdk_x64_windows_hotspot_17_35.zip (0.00 %, 0 / 188690370)
2024.01.05 17:09:18 INFO  Scala CLI: 
2024.01.05 17:09:23 INFO  Scala CLI: Still downloading:
2024.01.05 17:09:23 INFO  Scala CLI: https://github.com/adoptium/temurin17-binaries/releases/download/jdk-17%2B35/OpenJDK17-jdk_x64_windows_hotspot_17_35.zip (0.00 %, 0 / 188690370)
2024.01.05 17:09:23 INFO  Scala CLI: 
2024.01.05 17:09:30 INFO  Scala CLI: Still downloading:
2024.01.05 17:09:30 INFO  Scala CLI: https://github.com/adoptium/temurin17-binaries/releases/download/jdk-17%2B35/OpenJDK17-jdk_x64_windows_hotspot_17_35.zip (0.00 %, 0 / 188690370)
2024.01.05 17:09:30 INFO  Scala CLI: 
2024.01.05 17:09:33 ERROR Timeout waiting for 'build/initialize' response
2024.01.05 17:09:33 WARN  Retrying connection to the build server Scala CLI
2024.01.05 17:09:33 INFO  Running List(C:\Users\Roekp\AppData\Local\Coursier\data\bin\scala-cli.BAT, bsp, D:\code\learn-machine learning\Flappy Bird\learn-spark\scala)
2024.01.05 17:09:33 INFO  tracing is disabled for protocol BSP, to enable tracing of incoming and outgoing JSON messages create an empty file at D:\code\learn-machine learning\Flappy Bird\learn-spark\scala\.metals\bsp.trace.json or C:\Users\Roekp\AppData\Local\scalameta\metals\cache\bsp.trace.json
2024.01.05 17:09:33 INFO  Scala CLI: Downloading https://github.com/adoptium/temurin17-binaries/releases/download/jdk-17%2B35/OpenJDK17-jdk_x64_windows_hotspot_17_35.zip
2024.01.05 17:09:37 INFO  Scala CLI: Still downloading:
2024.01.05 17:09:39 INFO  Scala CLI: Still downloading:
2024.01.05 17:09:39 INFO  Scala CLI: https://github.com/adoptium/temurin17-binaries/releases/download/jdk-17%2B35/OpenJDK17-jdk_x64_windows_hotspot_17_35.zip (0.00 %, 0 / 188690370)
2024.01.05 17:09:39 INFO  Scala CLI: 
2024.01.05 17:09:46 INFO  Scala CLI: Still downloading:
2024.01.05 17:09:46 INFO  Scala CLI: https://github.com/adoptium/temurin17-binaries/releases/download/jdk-17%2B35/OpenJDK17-jdk_x64_windows_hotspot_17_35.zip (0.00 %, 0 / 188690370)
2024.01.05 17:09:46 INFO  Scala CLI: 
Jan 05, 2024 5:09:49 PM org.eclipse.lsp4j.jsonrpc.services.GenericEndpoint notify
INFO: Unsupported notification method: $/setTrace
2024.01.05 17:09:54 INFO  Scala CLI: Still downloading:
2024.01.05 17:09:54 INFO  Scala CLI: https://github.com/adoptium/temurin17-binaries/releases/download/jdk-17%2B35/OpenJDK17-jdk_x64_windows_hotspot_17_35.zip (0.00 %, 0 / 188690370)
2024.01.05 17:09:54 INFO  Scala CLI: 
2024.01.05 17:09:59 INFO  Scala CLI: Still downloading:
2024.01.05 17:09:59 INFO  Scala CLI: https://github.com/adoptium/temurin17-binaries/releases/download/jdk-17%2B35/OpenJDK17-jdk_x64_windows_hotspot_17_35.zip (0.00 %, 0 / 188690370)
2024.01.05 17:09:59 INFO  Scala CLI: 
2024.01.05 17:10:08 INFO  Scala CLI: (watching) Downloaded https://github.com/adoptium/temurin17-binaries/releases/download/jdk-17%2B35/OpenJDK17-jdk_x64_windows_hotspot_17_35.zip
2024.01.05 17:10:12 INFO  Scala CLI: Downloading https://repo1.maven.org/maven2/io/github/alexarchambault/bleep/bloop-frontend_2.12/1.5.11-sc-3/bloop-frontend_2.12-1.5.11-sc-3.pom
2024.01.05 17:10:12 INFO  Scala CLI: (watching) Downloaded https://repo1.maven.org/maven2/io/github/alexarchambault/bleep/bloop-frontend_2.12/1.5.11-sc-3/bloop-frontend_2.12-1.5.11-sc-3.pom
2024.01.05 17:10:12 INFO  Scala CLI: Downloading https://repo1.maven.org/maven2/io/github/alexarchambault/libdaemon/libdaemon_2.12/0.0.11/libdaemon_2.12-0.0.11.pom
2024.01.05 17:10:12 INFO  Scala CLI: Downloading https://repo1.maven.org/maven2/io/github/alexarchambault/bleep/bloop-backend_2.12/1.5.11-sc-3/bloop-backend_2.12-1.5.11-sc-3.pom
2024.01.05 17:10:12 INFO  Scala CLI: Downloading https://repo1.maven.org/maven2/ch/qos/logback/logback-classic/1.4.6/logback-classic-1.4.6.pom
2024.01.05 17:10:12 INFO  Scala CLI: Downloading https://repo1.maven.org/maven2/ch/epfl/scala/bloop-config_2.12/1.5.5/bloop-config_2.12-1.5.5.pom
2024.01.05 17:10:12 INFO  Scala CLI: Downloading https://repo1.maven.org/maven2/ch/epfl/scala/scala-debug-adapter_2.12/3.1.4/scala-debug-adapter_2.12-3.1.4.pom
2024.01.05 17:10:12 INFO  Scala CLI: Downloading https://repo1.maven.org/maven2/com/github/alexarchambault/case-app_2.12/2.0.6/case-app_2.12-2.0.6.pom
2024.01.05 17:10:13 INFO  Scala CLI: Downloaded https://repo1.maven.org/maven2/io/github/alexarchambault/libdaemon/libdaemon_2.12/0.0.11/libdaemon_2.12-0.0.11.pom
2024.01.05 17:10:13 INFO  Scala CLI: Downloaded https://repo1.maven.org/maven2/ch/epfl/scala/bloop-config_2.12/1.5.5/bloop-config_2.12-1.5.5.pom
2024.01.05 17:10:13 INFO  Scala CLI: Downloaded https://repo1.maven.org/maven2/ch/qos/logback/logback-classic/1.4.6/logback-classic-1.4.6.pom
2024.01.05 17:10:13 INFO  Scala CLI: Downloaded https://repo1.maven.org/maven2/ch/epfl/scala/scala-debug-adapter_2.12/3.1.4/scala-debug-adapter_2.12-3.1.4.pom
2024.01.05 17:10:13 INFO  Scala CLI: (watching) Downloaded https://repo1.maven.org/maven2/io/github/alexarchambault/bleep/bloop-backend_2.12/1.5.11-sc-3/bloop-backend_2.12-1.5.11-sc-3.pom
2024.01.05 17:10:13 INFO  Scala CLI: Downloaded https://repo1.maven.org/maven2/com/github/alexarchambault/case-app_2.12/2.0.6/case-app_2.12-2.0.6.pom
2024.01.05 17:10:13 INFO  Scala CLI: Downloading https://repo1.maven.org/maven2/ch/qos/logback/logback-parent/1.4.6/logback-parent-1.4.6.pom
2024.01.05 17:10:13 INFO  Scala CLI: Downloaded https://repo1.maven.org/maven2/ch/qos/logback/logback-parent/1.4.6/logback-parent-1.4.6.pom
2024.01.05 17:10:13 INFO  Scala CLI: Downloading https://repo1.maven.org/maven2/ch/epfl/scala/com-microsoft-java-debug-core/0.34.0+20/com-microsoft-java-debug-core-0.34.0+20.pom
2024.01.05 17:10:13 INFO  Scala CLI: Downloading https://repo1.maven.org/maven2/io/zipkin/brave/brave/5.16.0/brave-5.16.0.pom
2024.01.05 17:10:13 INFO  Scala CLI: Downloading https://repo1.maven.org/maven2/com/github/alexarchambault/case-app-annotations_2.12/2.0.6/case-app-annotations_2.12-2.0.6.pom
2024.01.05 17:10:13 INFO  Scala CLI: Downloading https://repo1.maven.org/maven2/io/monix/monix_2.12/3.2.0/monix_2.12-3.2.0.pom
2024.01.05 17:10:13 INFO  Scala CLI: Downloading https://repo1.maven.org/maven2/io/github/alexarchambault/bleep/nailgun-server/1.0.7/nailgun-server-1.0.7.pom
2024.01.05 17:10:13 INFO  Scala CLI: Downloading https://repo1.maven.org/maven2/org/slf4j/slf4j-api/2.0.4/slf4j-api-2.0.4.pom
2024.01.05 17:10:13 INFO  Scala CLI: Downloaded https://repo1.maven.org/maven2/ch/epfl/scala/com-microsoft-java-debug-core/0.34.0+20/com-microsoft-java-debug-core-0.34.0+20.pom
2024.01.05 17:10:13 INFO  Scala CLI: Downloading https://repo1.maven.org/maven2/com/github/alexarchambault/case-app-util_2.12/2.0.6/case-app-util_2.12-2.0.6.pom
2024.01.05 17:10:13 INFO  Scala CLI: Downloaded https://repo1.maven.org/maven2/io/monix/monix_2.12/3.2.0/monix_2.12-3.2.0.pom
2024.01.05 17:10:13 INFO  Scala CLI: Downloading https://repo1.maven.org/maven2/io/github/alexarchambault/bleep/bloop-shared_2.12/1.5.11-sc-3/bloop-shared_2.12-1.5.11-sc-3.pom
2024.01.05 17:10:13 INFO  Scala CLI: Downloaded https://repo1.maven.org/maven2/com/github/alexarchambault/case-app-annotations_2.12/2.0.6/case-app-annotations_2.12-2.0.6.pom
2024.01.05 17:10:13 INFO  Scala CLI: Downloading https://repo1.maven.org/maven2/ch/epfl/scala/directory-watcher/0.8.0+6-f651bd93/directory-watcher-0.8.0+6-f651bd93.pom
2024.01.05 17:10:13 INFO  Scala CLI: Downloaded https://repo1.maven.org/maven2/io/zipkin/brave/brave/5.16.0/brave-5.16.0.pom
2024.01.05 17:10:13 INFO  Scala CLI: Downloading https://repo1.maven.org/maven2/ch/qos/logback/logback-core/1.4.6/logback-core-1.4.6.pom
2024.01.05 17:10:13 INFO  Scala CLI: Downloaded https://repo1.maven.org/maven2/io/github/alexarchambault/bleep/nailgun-server/1.0.7/nailgun-server-1.0.7.pom
2024.01.05 17:10:13 INFO  Scala CLI: Downloading https://repo1.maven.org/maven2/io/zipkin/reporter2/zipkin-sender-urlconnection/2.16.4/zipkin-sender-urlconnection-2.16.4.pom
2024.01.05 17:10:15 INFO  Scala CLI: Downloaded https://repo1.maven.org/maven2/com/github/alexarchambault/case-app-util_2.12/2.0.6/case-app-util_2.12-2.0.6.pom
2024.01.05 17:10:15 INFO  Scala CLI: Downloading https://repo1.maven.org/maven2/org/scala-sbt/test-agent/1.8.3/test-agent-1.8.3.pom
2024.01.05 17:10:15 INFO  Scala CLI: Downloaded https://repo1.maven.org/maven2/ch/qos/logback/logback-core/1.4.6/logback-core-1.4.6.pom
2024.01.05 17:10:15 INFO  Scala CLI: Downloading https://repo1.maven.org/maven2/org/scala-lang/modules/scala-collection-compat_2.12/2.11.0/scala-collection-compat_2.12-2.11.0.pom
2024.01.05 17:10:15 INFO  Scala CLI: (watching) Downloaded https://repo1.maven.org/maven2/io/github/alexarchambault/bleep/bloop-shared_2.12/1.5.11-sc-3/bloop-shared_2.12-1.5.11-sc-3.pom
2024.01.05 17:10:15 INFO  Scala CLI: Downloading https://repo1.maven.org/maven2/com/lihaoyi/pprint_2.12/0.8.1/pprint_2.12-0.8.1.pom
2024.01.05 17:10:15 INFO  Scala CLI: Downloaded https://repo1.maven.org/maven2/com/lihaoyi/pprint_2.12/0.8.1/pprint_2.12-0.8.1.pom
2024.01.05 17:10:15 INFO  Scala CLI: Downloading https://repo1.maven.org/maven2/org/scalaz/scalaz-core_2.12/7.3.7/scalaz-core_2.12-7.3.7.pom
2024.01.05 17:10:15 INFO  Scala CLI: Downloaded https://repo1.maven.org/maven2/io/zipkin/reporter2/zipkin-sender-urlconnection/2.16.4/zipkin-sender-urlconnection-2.16.4.pom
2024.01.05 17:10:15 INFO  Scala CLI: Downloading https://repo1.maven.org/maven2/com/lihaoyi/sourcecode_2.12/0.3.1/sourcecode_2.12-0.3.1.pom
2024.01.05 17:10:15 INFO  Scala CLI: Downloaded https://repo1.maven.org/maven2/ch/epfl/scala/directory-watcher/0.8.0+6-f651bd93/directory-watcher-0.8.0+6-f651bd93.pom
2024.01.05 17:10:15 INFO  Scala CLI: Downloading https://repo1.maven.org/maven2/org/ow2/asm/asm-util/9.6/asm-util-9.6.pom
2024.01.05 17:10:15 INFO  Scala CLI: Downloaded https://repo1.maven.org/maven2/org/slf4j/slf4j-api/2.0.4/slf4j-api-2.0.4.pom
2024.01.05 17:10:15 INFO  Scala CLI: Downloading https://repo1.maven.org/maven2/com/github/plokhotnyuk/jsoniter-scala/jsoniter-scala-core_2.12/2.4.0/jsoniter-scala-core_2.12-2.4.0.pom
2024.01.05 17:10:15 INFO  Scala CLI: Downloaded https://repo1.maven.org/maven2/com/github/plokhotnyuk/jsoniter-scala/jsoniter-scala-core_2.12/2.4.0/jsoniter-scala-core_2.12-2.4.0.pom
2024.01.05 17:10:15 INFO  Scala CLI: (watching) Downloaded https://repo1.maven.org/maven2/org/scala-sbt/test-agent/1.8.3/test-agent-1.8.3.pom
2024.01.05 17:10:15 INFO  Scala CLI: Downloaded https://repo1.maven.org/maven2/org/scala-lang/modules/scala-collection-compat_2.12/2.11.0/scala-collection-compat_2.12-2.11.0.pom
2024.01.05 17:10:15 INFO  Scala CLI: (watching) Downloaded https://repo1.maven.org/maven2/com/lihaoyi/sourcecode_2.12/0.3.1/sourcecode_2.12-0.3.1.pom
2024.01.05 17:10:15 INFO  Scala CLI: (watching) Downloaded https://repo1.maven.org/maven2/org/scalaz/scalaz-core_2.12/7.3.7/scalaz-core_2.12-7.3.7.pom
2024.01.05 17:10:15 INFO  Scala CLI: (watching) Downloaded https://repo1.maven.org/maven2/org/ow2/asm/asm-util/9.6/asm-util-9.6.pom
2024.01.05 17:10:15 INFO  Scala CLI: Downloading https://repo1.maven.org/maven2/io/zipkin/reporter2/zipkin-reporter-parent/2.16.4/zipkin-reporter-parent-2.16.4.pom
2024.01.05 17:10:15 INFO  Scala CLI: Downloading https://repo1.maven.org/maven2/io/zipkin/brave/brave-parent/5.16.0/brave-parent-5.16.0.pom
2024.01.05 17:10:15 INFO  Scala CLI: Downloading https://repo1.maven.org/maven2/org/slf4j/slf4j-parent/2.0.4/slf4j-parent-2.0.4.pom
2024.01.05 17:10:15 INFO  Scala CLI: Downloading https://repo1.maven.org/maven2/org/ow2/ow2/1.5.1/ow2-1.5.1.pom
2024.01.05 17:10:15 INFO  Scala CLI: Downloaded https://repo1.maven.org/maven2/org/ow2/ow2/1.5.1/ow2-1.5.1.pom
2024.01.05 17:10:15 INFO  Scala CLI: Downloaded https://repo1.maven.org/maven2/org/slf4j/slf4j-parent/2.0.4/slf4j-parent-2.0.4.pom
2024.01.05 17:10:15 INFO  Scala CLI: Downloaded https://repo1.maven.org/maven2/io/zipkin/reporter2/zipkin-reporter-parent/2.16.4/zipkin-reporter-parent-2.16.4.pom
2024.01.05 17:10:15 INFO  Scala CLI: Downloaded https://repo1.maven.org/maven2/io/zipkin/brave/brave-parent/5.16.0/brave-parent-5.16.0.pom
2024.01.05 17:10:15 INFO  Scala CLI: Downloading https://repo1.maven.org/maven2/org/scala-sbt/test-agent/1.9.7/test-agent-1.9.7.pom
2024.01.05 17:10:15 INFO  Scala CLI: Downloading https://repo1.maven.org/maven2/io/reactivex/rxjava2/rxjava/2.2.21/rxjava-2.2.21.pom
2024.01.05 17:10:15 INFO  Scala CLI: Downloading https://repo1.maven.org/maven2/io/monix/monix-java_2.12/3.2.0/monix-java_2.12-3.2.0.pom
2024.01.05 17:10:15 INFO  Scala CLI: Downloading https://repo1.maven.org/maven2/org/apache/commons/commons-lang3/3.13.0/commons-lang3-3.13.0.pom
2024.01.05 17:10:15 INFO  Scala CLI: Downloading https://repo1.maven.org/maven2/org/reactivestreams/reactive-streams/1.0.4/reactive-streams-1.0.4.pom
2024.01.05 17:10:15 INFO  Scala CLI: Downloading https://repo1.maven.org/maven2/org/apache/logging/log4j/log4j-core/2.21.1/log4j-core-2.21.1.pom
2024.01.05 17:10:15 INFO  Scala CLI: Downloaded https://repo1.maven.org/maven2/io/reactivex/rxjava2/rxjava/2.2.21/rxjava-2.2.21.pom
2024.01.05 17:10:15 INFO  Scala CLI: Downloading https://repo1.maven.org/maven2/io/monix/monix-eval_2.12/3.2.0/monix-eval_2.12-3.2.0.pom
2024.01.05 17:10:15 INFO  Scala CLI: Downloaded https://repo1.maven.org/maven2/org/scala-sbt/test-agent/1.9.7/test-agent-1.9.7.pom
2024.01.05 17:10:15 INFO  Scala CLI: Downloading https://repo1.maven.org/maven2/org/ow2/asm/asm-tree/9.6/asm-tree-9.6.pom
2024.01.05 17:10:15 INFO  Scala CLI: Downloaded https://repo1.maven.org/maven2/io/monix/monix-java_2.12/3.2.0/monix-java_2.12-3.2.0.pom
2024.01.05 17:10:15 INFO  Scala CLI: Downloading https://repo1.maven.org/maven2/io/monix/monix-catnap_2.12/3.2.0/monix-catnap_2.12-3.2.0.pom
2024.01.05 17:10:15 INFO  Scala CLI: Downloaded https://repo1.maven.org/maven2/org/reactivestreams/reactive-streams/1.0.4/reactive-streams-1.0.4.pom
2024.01.05 17:10:15 INFO  Scala CLI: Downloading https://repo1.maven.org/maven2/io/monix/monix-execution_2.12/3.2.0/monix-execution_2.12-3.2.0.pom
2024.01.05 17:10:15 INFO  Scala CLI: Downloaded https://repo1.maven.org/maven2/org/apache/commons/commons-lang3/3.13.0/commons-lang3-3.13.0.pom
2024.01.05 17:10:15 INFO  Scala CLI: Downloading https://repo1.maven.org/maven2/ch/epfl/scala/bsp4s_2.12/2.1.0-M7/bsp4s_2.12-2.1.0-M7.pom
2024.01.05 17:10:16 INFO  Scala CLI: (watching) Downloaded https://repo1.maven.org/maven2/io/monix/monix-eval_2.12/3.2.0/monix-eval_2.12-3.2.0.pom
2024.01.05 17:10:16 INFO  Scala CLI: Downloading https://repo1.maven.org/maven2/com/chuusai/shapeless_2.12/2.3.3/shapeless_2.12-2.3.3.pom
2024.01.05 17:10:16 INFO  Scala CLI: Downloaded https://repo1.maven.org/maven2/io/monix/monix-catnap_2.12/3.2.0/monix-catnap_2.12-3.2.0.pom
2024.01.05 17:10:16 INFO  Scala CLI: Downloading https://repo1.maven.org/maven2/io/zipkin/reporter2/zipkin-reporter/2.16.4/zipkin-reporter-2.16.4.pom
2024.01.05 17:10:16 INFO  Scala CLI: (watching) Downloaded https://repo1.maven.org/maven2/org/ow2/asm/asm-tree/9.6/asm-tree-9.6.pom
2024.01.05 17:10:16 INFO  Scala CLI: Downloading https://repo1.maven.org/maven2/net/jpountz/lz4/lz4/1.3.0/lz4-1.3.0.pom
2024.01.05 17:10:16 INFO  Scala CLI: Downloaded https://repo1.maven.org/maven2/net/jpountz/lz4/lz4/1.3.0/lz4-1.3.0.pom
2024.01.05 17:10:16 INFO  Scala CLI: Downloading https://repo1.maven.org/maven2/com/lihaoyi/fansi_2.12/0.4.0/fansi_2.12-0.4.0.pom
2024.01.05 17:10:16 INFO  Scala CLI: (watching) Downloaded https://repo1.maven.org/maven2/io/monix/monix-execution_2.12/3.2.0/monix-execution_2.12-3.2.0.pom
2024.01.05 17:10:16 INFO  Scala CLI: Downloading https://repo1.maven.org/maven2/com/github/plokhotnyuk/jsoniter-scala/jsoniter-scala-core_2.12/2.13.3.2/jsoniter-scala-core_2.12-2.13.3.2.pom
2024.01.05 17:10:16 INFO  Scala CLI: (watching) Downloaded https://repo1.maven.org/maven2/ch/epfl/scala/bsp4s_2.12/2.1.0-M7/bsp4s_2.12-2.1.0-M7.pom
2024.01.05 17:10:16 INFO  Scala CLI: Downloading https://repo1.maven.org/maven2/net/java/dev/jna/jna-platform/4.4.0/jna-platform-4.4.0.pom
2024.01.05 17:10:16 INFO  Scala CLI: Downloaded https://repo1.maven.org/maven2/net/java/dev/jna/jna-platform/4.4.0/jna-platform-4.4.0.pom
2024.01.05 17:10:16 INFO  Scala CLI: Downloading https://repo1.maven.org/maven2/commons-io/commons-io/2.13.0/commons-io-2.13.0.pom
2024.01.05 17:10:16 INFO  Scala CLI: Downloaded https://repo1.maven.org/maven2/org/apache/logging/log4j/log4j-core/2.21.1/log4j-core-2.21.1.pom
2024.01.05 17:10:16 INFO  Scala CLI: Downloading https://repo1.maven.org/maven2/io/get-coursier/interface/1.0.13/interface-1.0.13.pom
2024.01.05 17:10:16 INFO  Scala CLI: Downloaded https://repo1.maven.org/maven2/io/get-coursier/interface/1.0.13/interface-1.0.13.pom
2024.01.05 17:10:16 INFO  Scala CLI: Downloading https://repo1.maven.org/maven2/org/ow2/asm/asm-analysis/9.6/asm-analysis-9.6.pom
2024.01.05 17:10:16 INFO  Scala CLI: (watching) Downloaded https://repo1.maven.org/maven2/com/lihaoyi/fansi_2.12/0.4.0/fansi_2.12-0.4.0.pom
2024.01.05 17:10:16 INFO  Scala CLI: (watching) Downloaded https://repo1.maven.org/maven2/io/zipkin/reporter2/zipkin-reporter/2.16.4/zipkin-reporter-2.16.4.pom
2024.01.05 17:10:16 INFO  Scala CLI: (watching) Downloaded https://repo1.maven.org/maven2/com/chuusai/shapeless_2.12/2.3.3/shapeless_2.12-2.3.3.pom
2024.01.05 17:10:16 INFO  Scala CLI: Downloading https://repo1.maven.org/maven2/io/monix/monix-tail_2.12/3.2.0/monix-tail_2.12-3.2.0.pom
2024.01.05 17:10:16 INFO  Scala CLI: Downloading https://repo1.maven.org/maven2/io/zipkin/reporter2/zipkin-reporter-brave/2.16.3/zipkin-reporter-brave-2.16.3.pom
2024.01.05 17:10:16 INFO  Scala CLI: Downloading https://repo1.maven.org/maven2/net/java/dev/jna/jna/4.5.2/jna-4.5.2.pom
2024.01.05 17:10:16 INFO  Scala CLI: (watching) Downloaded https://repo1.maven.org/maven2/com/github/plokhotnyuk/jsoniter-scala/jsoniter-scala-core_2.12/2.13.3.2/jsoniter-scala-core_2.12-2.13.3.2.pom
2024.01.05 17:10:16 INFO  Scala CLI: Downloading https://repo1.maven.org/maven2/io/monix/monix-reactive_2.12/3.2.0/monix-reactive_2.12-3.2.0.pom
2024.01.05 17:10:16 INFO  Scala CLI: Downloaded https://repo1.maven.org/maven2/commons-io/commons-io/2.13.0/commons-io-2.13.0.pom
2024.01.05 17:10:16 INFO  Scala CLI: (watching) Downloaded https://repo1.maven.org/maven2/org/ow2/asm/asm-analysis/9.6/asm-analysis-9.6.pom
2024.01.05 17:10:16 INFO  Scala CLI: Downloaded https://repo1.maven.org/maven2/net/java/dev/jna/jna/4.5.2/jna-4.5.2.pom
2024.01.05 17:10:16 INFO  Scala CLI: (watching) Downloaded https://repo1.maven.org/maven2/io/monix/monix-tail_2.12/3.2.0/monix-tail_2.12-3.2.0.pom
2024.01.05 17:10:16 INFO  Scala CLI: (watching) Downloaded https://repo1.maven.org/maven2/io/zipkin/reporter2/zipkin-reporter-brave/2.16.3/zipkin-reporter-brave-2.16.3.pom
2024.01.05 17:10:16 INFO  Scala CLI: (watching) Downloaded https://repo1.maven.org/maven2/io/monix/monix-reactive_2.12/3.2.0/monix-reactive_2.12-3.2.0.pom
2024.01.05 17:10:16 INFO  Scala CLI: Downloading https://repo1.maven.org/maven2/io/zipkin/reporter2/zipkin-reporter-parent/2.16.3/zipkin-reporter-parent-2.16.3.pom
2024.01.05 17:10:16 INFO  Scala CLI: Downloading https://repo1.maven.org/maven2/org/apache/logging/log4j/log4j/2.21.1/log4j-2.21.1.pom
2024.01.05 17:10:16 INFO  Scala CLI: Downloading https://repo1.maven.org/maven2/org/apache/commons/commons-parent/58/commons-parent-58.pom
2024.01.05 17:10:16 INFO  Scala CLI: Downloaded https://repo1.maven.org/maven2/io/zipkin/reporter2/zipkin-reporter-parent/2.16.3/zipkin-reporter-parent-2.16.3.pom
2024.01.05 17:10:16 INFO  Scala CLI: Downloaded https://repo1.maven.org/maven2/org/apache/logging/log4j/log4j/2.21.1/log4j-2.21.1.pom
2024.01.05 17:10:16 INFO  Scala CLI: Error: java.nio.file.AccessDeniedException: C:\Users\Roekp\AppData\Local\Coursier\cache\v1\https\repo1.maven.org\maven2\org\apache\logging\log4j\log4j\2.21.1\.log4j-2.21.1.pom__sha1.computed14654599213508491210.tmp -> C:\Users\Roekp\AppData\Local\Coursier\cache\v1\https\repo1.maven.org\maven2\org\apache\logging\log4j\log4j\2.21.1\.log4j-2.21.1.pom__sha1.computed
2024.01.05 17:10:16 INFO  Scala CLI: For more details, please see 'D:\code\learn-machine learning\Flappy Bird\learn-spark\scala\.scala-build\stacktraces\1704449416-10326962390738869560.log'
2024.01.05 17:10:33 ERROR Timeout waiting for 'build/initialize' response
2024.01.05 17:10:33 WARN  Retrying connection to the build server Scala CLI
2024.01.05 17:10:33 INFO  Running List(C:\Users\Roekp\AppData\Local\Coursier\data\bin\scala-cli.BAT, bsp, D:\code\learn-machine learning\Flappy Bird\learn-spark\scala)
2024.01.05 17:10:33 INFO  tracing is disabled for protocol BSP, to enable tracing of incoming and outgoing JSON messages create an empty file at D:\code\learn-machine learning\Flappy Bird\learn-spark\scala\.metals\bsp.trace.json or C:\Users\Roekp\AppData\Local\scalameta\metals\cache\bsp.trace.json
2024.01.05 17:10:34 INFO  Scala CLI: Starting compilation server
2024.01.05 17:10:36 INFO  Scala CLI: Error: java.nio.file.AccessDeniedException: C:\Users\Roekp\AppData\Local\ScalaCli\cache\.bsp-sockets.tmp-17988 -> C:\Users\Roekp\AppData\Local\ScalaCli\cache\bsp-sockets
2024.01.05 17:10:36 INFO  Scala CLI: For more details, please see 'D:\code\learn-machine learning\Flappy Bird\learn-spark\scala\.scala-build\stacktraces\1704449436-13160059407732682500.log'
2024.01.05 17:10:38 INFO  compiling scala_bd2c96d2de (1 scala source)
2024.01.05 17:10:43 INFO  file:///D:/code/learn-machine%20learning/Flappy%20Bird/learn-spark/scala/test.sc:1:1: stale bloop error: this kind of statement is not allowed here
package main.scala
^^^^^^^
2024.01.05 17:10:43 INFO  compiling scala_bd2c96d2de (1 scala source)
2024.01.05 17:10:43 INFO  file:///D:/code/learn-machine%20learning/Flappy%20Bird/learn-spark/scala/test.sc:1:1: stale bloop error: this kind of statement is not allowed here
package main.scala
^^^^^^^
2024.01.05 17:11:21 WARN  no build target for: D:\code\learn-machine learning\Flappy Bird\learn-spark\scala\test.sc
2024.01.05 17:37:33 INFO  Started: Metals version 1.2.0 in folders 'D:\code\learn-machine learning\Flappy Bird' for client Visual Studio Code 1.85.1.
2024.01.05 17:37:38 WARN  Build server is not auto-connectable.
2024.01.05 17:37:38 WARN  no build tool detected in workspace 'D:\code\learn-machine learning\Flappy Bird'. The most common cause for this problem is that the editor was opened in the wrong working directory, for example if you use sbt then the workspace directory should contain build.sbt. 
2024.01.05 17:37:38 WARN  no build target for: D:\code\learn-machine learning\Flappy Bird\learn-spark\scala\scala3\src\main\scala\Main.scala
Jan 05, 2024 5:37:38 PM org.eclipse.lsp4j.jsonrpc.RemoteEndpoint handleCancellation
WARNING: Unmatched cancel notification for request id 1
Jan 05, 2024 5:37:38 PM org.eclipse.lsp4j.jsonrpc.RemoteEndpoint handleCancellation
WARNING: Unmatched cancel notification for request id 5
2024.01.05 17:37:41 INFO  no build target found for D:\code\learn-machine learning\Flappy Bird\learn-spark\scala\scala3\src\main\scala\Main.scala. Using presentation compiler with project's scala-library version: 3.3.1
Jan 05, 2024 5:37:41 PM org.eclipse.lsp4j.jsonrpc.RemoteEndpoint handleCancellation
WARNING: Unmatched cancel notification for request id 7
Jan 05, 2024 5:37:41 PM org.eclipse.lsp4j.jsonrpc.RemoteEndpoint handleCancellation
WARNING: Unmatched cancel notification for request id 12
Jan 05, 2024 5:37:41 PM org.eclipse.lsp4j.jsonrpc.RemoteEndpoint handleCancellation
WARNING: Unmatched cancel notification for request id 13
Jan 05, 2024 5:37:41 PM org.eclipse.lsp4j.jsonrpc.RemoteEndpoint handleCancellation
WARNING: Unmatched cancel notification for request id 19
Jan 05, 2024 5:37:41 PM org.eclipse.lsp4j.jsonrpc.RemoteEndpoint handleCancellation
WARNING: Unmatched cancel notification for request id 20
Jan 05, 2024 5:37:41 PM org.eclipse.lsp4j.jsonrpc.RemoteEndpoint handleCancellation
WARNING: Unmatched cancel notification for request id 24
Jan 05, 2024 5:37:41 PM org.eclipse.lsp4j.jsonrpc.RemoteEndpoint handleCancellation
WARNING: Unmatched cancel notification for request id 25
Jan 05, 2024 5:37:41 PM org.eclipse.lsp4j.jsonrpc.RemoteEndpoint handleCancellation
WARNING: Unmatched cancel notification for request id 15
2024.01.05 17:37:42 INFO  time: code lens generation in 4.47s
2024.01.05 17:37:43 INFO  time: code lens generation in 1.97s
2024.01.05 17:37:43 INFO  time: code lens generation in 1.99s
2024.01.05 17:37:43 INFO  time: code lens generation in 4.75s
2024.01.05 17:37:43 INFO  time: code lens generation in 2.03s
2024.01.05 17:37:43 INFO  time: code lens generation in 2.01s
Jan 05, 2024 5:38:00 PM org.eclipse.lsp4j.jsonrpc.RemoteEndpoint handleCancellation
WARNING: Unmatched cancel notification for request id 132
Jan 05, 2024 5:39:24 PM org.eclipse.lsp4j.jsonrpc.RemoteEndpoint handleCancellation
WARNING: Unmatched cancel notification for request id 471
Jan 05, 2024 5:39:29 PM org.eclipse.lsp4j.jsonrpc.RemoteEndpoint handleCancellation
WARNING: Unmatched cancel notification for request id 506
2024.01.05 17:39:39 WARN  no build target for: D:\code\learn-machine learning\Flappy Bird\learn-spark\scala\scala3\build.sbt
2024.01.05 17:41:17 WARN  no build target for: D:\code\learn-machine learning\Flappy Bird\learn-spark\scala\scala3\build.sbt
Jan 05, 2024 5:41:30 PM org.eclipse.lsp4j.jsonrpc.RemoteEndpoint handleCancellation
WARNING: Unmatched cancel notification for request id 570
2024.01.05 17:41:53 WARN  no build target for: D:\code\learn-machine learning\Flappy Bird\learn-spark\scala\scala3\build.sbt
2024.01.05 17:42:31 WARN  no build target for: D:\code\learn-machine learning\Flappy Bird\learn-spark\scala\scala3\build.sbt
2024.01.05 17:42:56 ERROR Could not find the correct names for arguments at TextDocumentPositionParams [
  textDocument = TextDocumentIdentifier [
    uri = "file:///d%3A/code/learn-machine%20learning/Flappy%20Bird/learn-spark/scala/scala3/build.sbt"
  ]
  position = Position [
    line = 14
    character = 1
  ]
] with indices 0,1
2024.01.05 17:42:58 WARN  no build target for: D:\code\learn-machine learning\Flappy Bird\learn-spark\scala\scala3\build.sbt
2024.01.05 17:43:19 WARN  no build target for: D:\code\learn-machine learning\Flappy Bird\learn-spark\scala\scala3\build.sbt
2024.01.05 17:43:28 WARN  no build target for: D:\code\learn-machine learning\Flappy Bird\learn-spark\scala\scala3\build.sbt
2024.01.05 17:43:37 WARN  no build target for: D:\code\learn-machine learning\Flappy Bird\learn-spark\scala\scala3\build.sbt
2024.01.05 17:50:19 WARN  no build target for: D:\code\learn-machine learning\Flappy Bird\learn-spark\scala\scala3\src\main\scala\Main.scala
2024.01.05 17:50:34 WARN  no build target for: D:\code\learn-machine learning\Flappy Bird\learn-spark\scala\scala3\src\main\scala\Main.scala
2024.01.05 17:51:06 WARN  no build target for: D:\code\learn-machine learning\Flappy Bird\learn-spark\scala\scala3\src\main\scala\Main.scala
2024.01.05 17:51:08 WARN  no build target for: D:\code\learn-machine learning\Flappy Bird\learn-spark\scala\scala3\src\main\scala\Main.scala
2024.01.05 17:51:45 WARN  no build target for: D:\code\learn-machine learning\Flappy Bird\learn-spark\scala\scala3\src\main\scala\Main.scala
2024.01.05 17:51:50 WARN  no build target for: D:\code\learn-machine learning\Flappy Bird\learn-spark\scala\scala3\src\main\scala\Main.scala
2024.01.05 17:53:21 WARN  no build tool detected in workspace 'D:\code\learn-machine learning\Flappy Bird'. The most common cause for this problem is that the editor was opened in the wrong working directory, for example if you use sbt then the workspace directory should contain build.sbt. 
2024.01.05 17:53:33 WARN  no build tool detected in workspace 'D:\code\learn-machine learning\Flappy Bird'. The most common cause for this problem is that the editor was opened in the wrong working directory, for example if you use sbt then the workspace directory should contain build.sbt. 
2024.01.05 17:53:35 WARN  no build tool detected in workspace 'D:\code\learn-machine learning\Flappy Bird'. The most common cause for this problem is that the editor was opened in the wrong working directory, for example if you use sbt then the workspace directory should contain build.sbt. 
2024.01.05 17:53:35 WARN  no build tool detected in workspace 'D:\code\learn-machine learning\Flappy Bird'. The most common cause for this problem is that the editor was opened in the wrong working directory, for example if you use sbt then the workspace directory should contain build.sbt. 
2024.01.05 17:53:35 WARN  no build tool detected in workspace 'D:\code\learn-machine learning\Flappy Bird'. The most common cause for this problem is that the editor was opened in the wrong working directory, for example if you use sbt then the workspace directory should contain build.sbt. 
2024.01.05 17:53:49 INFO  Shutting down server
2024.01.05 17:53:49 INFO  shutting down Metals
2024.01.05 17:53:49 INFO  Exiting server
